Log file open, 01/16/20 09:11:07
LogWindows: Failed to load 'aqProf.dll' (GetLastError=126)
LogWindows: File 'aqProf.dll' does not exist
LogWindows: Failed to load 'VtuneApi.dll' (GetLastError=126)
LogWindows: File 'VtuneApi.dll' does not exist
LogWindows: Failed to load 'VtuneApi32e.dll' (GetLastError=126)
LogWindows: File 'VtuneApi32e.dll' does not exist
LogConsoleResponse: Display: Failed to find resolution value strings in scalability ini. Falling back to default.
LogInit: Display: Running engine for game: StółGabrielaHołowacz
LogPakFile: Registered encryption key '00000000000000000000000000000000': 0 pak files mounted, 0 remain pending
LogPlatformFile: Not using cached read wrapper
LogTaskGraph: Started task graph with 5 named threads and 47 total threads with 3 sets of task threads.
LogStats: Stats thread started at 1.832865
LogD3D11RHI: Loaded GFSDK_Aftermath_Lib.x64.dll
LogICUInternationalization: ICU TimeZone Detection - Raw Offset: +1:00, Platform Override: ''
LogPluginManager: Mounting plugin Paper2D
LogPluginManager: Mounting plugin AISupport
LogPluginManager: Mounting plugin LightPropagationVolume
LogPluginManager: Mounting plugin ActorLayerUtilities
LogPluginManager: Mounting plugin CLionSourceCodeAccess
LogPluginManager: Mounting plugin CodeLiteSourceCodeAccess
LogPluginManager: Mounting plugin GitSourceControl
LogPluginManager: Mounting plugin KDevelopSourceCodeAccess
LogPluginManager: Mounting plugin NullSourceCodeAccess
LogPluginManager: Mounting plugin PerforceSourceControl
LogPluginManager: Mounting plugin SubversionSourceControl
LogPluginManager: Mounting plugin UObjectPlugin
LogPluginManager: Mounting plugin VisualStudioCodeSourceCodeAccess
LogPluginManager: Mounting plugin VisualStudioSourceCodeAccess
LogPluginManager: Mounting plugin XCodeSourceCodeAccess
LogPluginManager: Mounting plugin AssetManagerEditor
LogPluginManager: Mounting plugin CryptoKeys
LogPluginManager: Mounting plugin DataValidation
LogPluginManager: Mounting plugin FacialAnimation
LogPluginManager: Mounting plugin GameplayTagsEditor
LogPluginManager: Mounting plugin MacGraphicsSwitching
LogPluginManager: Mounting plugin MeshEditor
LogPluginManager: Mounting plugin MobileLauncherProfileWizard
LogPluginManager: Mounting plugin PluginBrowser
LogPluginManager: Mounting plugin SpeedTreeImporter
LogPluginManager: Mounting plugin DatasmithContent
LogPluginManager: Mounting plugin VariantManagerContent
LogPluginManager: Mounting plugin AlembicImporter
LogPluginManager: Mounting plugin AppleImageUtils
LogPluginManager: Mounting plugin AppleVision
LogPluginManager: Mounting plugin BackChannel
LogPluginManager: Mounting plugin CharacterAI
LogPluginManager: Mounting plugin GeometryCache
LogPluginManager: Mounting plugin HTML5Networking
LogPluginManager: Mounting plugin ProxyLODPlugin
LogPluginManager: Mounting plugin MagicLeap
LogPluginManager: Mounting plugin MagicLeapMedia
LogPluginManager: Mounting plugin AndroidMedia
LogPluginManager: Mounting plugin AvfMedia
LogPluginManager: Mounting plugin ImgMedia
LogPluginManager: Mounting plugin LinearTimecode
LogPluginManager: Mounting plugin MediaCompositing
LogPluginManager: Mounting plugin MediaPlayerEditor
LogPluginManager: Mounting plugin WebMMedia
LogPluginManager: Mounting plugin WmfMedia
LogPluginManager: Mounting plugin TcpMessaging
LogPluginManager: Mounting plugin UdpMessaging
LogPluginManager: Mounting plugin ActorSequence
LogPluginManager: Mounting plugin LevelSequenceEditor
LogPluginManager: Mounting plugin MatineeToLevelSequence
LogPluginManager: Mounting plugin NetcodeUnitTest
LogPluginManager: Mounting plugin NUTUnrealEngine4
LogPluginManager: Mounting plugin OnlineSubsystemGooglePlay
LogPluginManager: Mounting plugin OnlineSubsystemIOS
LogPluginManager: Mounting plugin OnlineSubsystem
LogPluginManager: Mounting plugin OnlineSubsystemNull
LogPluginManager: Mounting plugin OnlineSubsystemUtils
LogPluginManager: Mounting plugin LauncherChunkInstaller
LogPluginManager: Mounting plugin AndroidDeviceProfileSelector
LogPluginManager: Mounting plugin AndroidMoviePlayer
LogPluginManager: Mounting plugin AndroidPermission
LogPluginManager: Mounting plugin AppleMoviePlayer
LogPluginManager: Mounting plugin ArchVisCharacter
LogPluginManager: Mounting plugin AudioCapture
LogPluginManager: Mounting plugin CableComponent
LogPluginManager: Mounting plugin CustomMeshComponent
LogPluginManager: Mounting plugin EditableMesh
LogPluginManager: Mounting plugin ExampleDeviceProfileSelector
LogPluginManager: Mounting plugin Firebase
LogPluginManager: Mounting plugin GoogleCloudMessaging
LogPluginManager: Mounting plugin IOSDeviceProfileSelector
LogPluginManager: Mounting plugin LinuxDeviceProfileSelector
LogPluginManager: Mounting plugin LocationServicesBPLibrary
LogPluginManager: Mounting plugin MobilePatchingUtils
LogPluginManager: Mounting plugin OculusVR
LogPluginManager: Mounting plugin PhysXVehicles
LogPluginManager: Mounting plugin ProceduralMeshComponent
LogPluginManager: Mounting plugin RuntimePhysXCooking
LogPluginManager: Mounting plugin SteamVR
LogPluginManager: Mounting plugin WebMMoviePlayer
LogPluginManager: Mounting plugin WindowsMoviePlayer
LogStreaming: Display: Took  0.089s to configure plugins.
LogInit: Using libcurl 7.55.1-DEV
LogInit:  - built for x86_64-pc-win32
LogInit:  - supports SSL with OpenSSL/1.0.2h
LogInit:  - supports HTTP deflate (compression) using libz 1.2.8
LogInit:  - other features:
LogInit:      CURL_VERSION_SSL
LogInit:      CURL_VERSION_LIBZ
LogInit:      CURL_VERSION_IPV6
LogInit:      CURL_VERSION_ASYNCHDNS
LogInit:      CURL_VERSION_LARGEFILE
LogInit:      CURL_VERSION_IDN
LogInit:  CurlRequestOptions (configurable via config and command line):
LogInit:  - bVerifyPeer = true  - Libcurl will verify peer certificate
LogInit:  - bUseHttpProxy = false  - Libcurl will NOT use HTTP proxy
LogInit:  - bDontReuseConnections = false  - Libcurl will reuse connections
LogInit:  - MaxHostConnections = 16  - Libcurl will limit the number of connections to a host
LogInit:  - LocalHostAddr = Default
LogInit:  - BufferSize = 65536
LogInit: WinSock: version 1.1 (2.2), MaxSocks=32767, MaxUdp=65467
LogInit: Build: ++UE4+Release-4.21-CL-4753647
LogInit: Engine Version: 4.21.2-4753647+++UE4+Release-4.21
LogInit: Compatible Engine Version: 4.21.0-4541578+++UE4+Release-4.21
LogInit: Net CL: 4541578
LogInit: OS: Windows 10 (), CPU: AMD Ryzen 7 2700 Eight-Core Processor          , GPU: NVIDIA GeForce GTX 1060 6GB
LogInit: Compiled (64-bit): Jan 19 2019 02:07:31
LogInit: Compiled with Visual C++: 19.13.26129.00
LogInit: Build Configuration: Development
LogInit: Branch Name: ++UE4+Release-4.21
LogInit: Command Line:  -EpicPortal -epicusername=black-wyverngabz -epicuserid=57a5ccad2cd746558f32d4e0467ca502 -epiclocale=pl-PL
LogInit: Base Directory: C:/Program Files/Epic Games/UE_4.21/Engine/Binaries/Win64/
LogInit: Installed Engine Build: 1
LogDevObjectVersion: Number of dev versions registered: 22
LogDevObjectVersion:   Dev-Blueprints (B0D832E4-1F89-4F0D-ACCF-7EB736FD4AA2): 10
LogDevObjectVersion:   Dev-Build (E1C64328-A22C-4D53-A36C-8E866417BD8C): 0
LogDevObjectVersion:   Dev-Core (375EC13C-06E4-48FB-B500-84F0262A717E): 2
LogDevObjectVersion:   Dev-Editor (E4B068ED-F494-42E9-A231-DA0B2E46BB41): 26
LogDevObjectVersion:   Dev-Framework (CFFC743F-43B0-4480-9391-14DF171D2073): 34
LogDevObjectVersion:   Dev-Mobile (B02B49B5-BB20-44E9-A304-32B752E40360): 2
LogDevObjectVersion:   Dev-Networking (A4E4105C-59A1-49B5-A7C5-40C4547EDFEE): 0
LogDevObjectVersion:   Dev-Online (39C831C9-5AE6-47DC-9A44-9C173E1C8E7C): 0
LogDevObjectVersion:   Dev-Physics (78F01B33-EBEA-4F98-B9B4-84EACCB95AA2): 0
LogDevObjectVersion:   Dev-Platform (6631380F-2D4D-43E0-8009-CF276956A95A): 0
LogDevObjectVersion:   Dev-Rendering (12F88B9F-8875-4AFC-A67C-D90C383ABD29): 27
LogDevObjectVersion:   Dev-Sequencer (7B5AE74C-D270-4C10-A958-57980B212A5A): 9
LogDevObjectVersion:   Dev-VR (D7296918-1DD6-4BDD-9DE2-64A83CC13884): 2
LogDevObjectVersion:   Dev-LoadTimes (C2A15278-BFE7-4AFE-6C17-90FF531DF755): 1
LogDevObjectVersion:   Private-Geometry (6EACA3D4-40EC-4CC1-B786-8BED09428FC5): 3
LogDevObjectVersion:   Dev-AnimPhys (29E575DD-E0A3-4627-9D10-D276232CDCEA): 17
LogDevObjectVersion:   Dev-Anim (AF43A65D-7FD3-4947-9873-3E8ED9C1BB05): 2
LogDevObjectVersion:   Dev-ReflectionCapture (6B266CEC-1EC7-4B8F-A30B-E4D90942FC07): 1
LogDevObjectVersion:   Dev-Automation (0DF73D61-A23F-47EA-B727-89E90C41499A): 1
LogDevObjectVersion:   FortniteMain (601D1886-AC64-4F84-AA16-D3DE0DEAC7D6): 17
LogDevObjectVersion:   Dev-Enterprise (9DFFBCD6-494F-0158-E221-12823C92A888): 4
LogDevObjectVersion:   Dev-Niagara (F2AED0AC-9AFE-416F-8664-AA7FFA26D6FC): 1
LogStreaming: Display: Took  0.001s to delete old logs.
LogInit: Presizing for max 8388607 objects, including 0 objects not considered by GC, pre-allocating 0 bytes for permanent pool.
LogInit: Object subsystem initialized
LogConfig: Setting CVar [[con.DebugEarlyDefault:1]]
LogConfig: Setting CVar [[r.setres:1280x720]]
[2020.01.16-08.11.08:544][  0]LogConfig: Setting CVar [[r.VSync:0]]
[2020.01.16-08.11.08:544][  0]LogConfig: Setting CVar [[r.RHICmdBypass:0]]
[2020.01.16-08.11.08:544][  0]LogConfig: Applying CVar settings from Section [/Script/Engine.RendererSettings] File [C:/Users/PC/Desktop/Spore i inne/Studia/Rok 2 Lic 19-20/Programowanie/UNREAL/StółGabrielaHołowacz/Saved/Config/Windows/Engine.ini]
[2020.01.16-08.11.08:544][  0]LogConfig: Setting CVar [[r.GPUCrashDebugging:0]]
[2020.01.16-08.11.08:544][  0]LogConfig: Applying CVar settings from Section [/Script/Engine.RendererOverrideSettings] File [C:/Users/PC/Desktop/Spore i inne/Studia/Rok 2 Lic 19-20/Programowanie/UNREAL/StółGabrielaHołowacz/Saved/Config/Windows/Engine.ini]
[2020.01.16-08.11.08:545][  0]LogConfig: Applying CVar settings from Section [/Script/Engine.StreamingSettings] File [C:/Users/PC/Desktop/Spore i inne/Studia/Rok 2 Lic 19-20/Programowanie/UNREAL/StółGabrielaHołowacz/Saved/Config/Windows/Engine.ini]
[2020.01.16-08.11.08:545][  0]LogConfig: Setting CVar [[s.MinBulkDataSizeForAsyncLoading:131072]]
[2020.01.16-08.11.08:545][  0]LogConfig: Setting CVar [[s.AsyncLoadingThreadEnabled:0]]
[2020.01.16-08.11.08:545][  0]LogConfig: Setting CVar [[s.EventDrivenLoaderEnabled:1]]
[2020.01.16-08.11.08:545][  0]LogConfig: Setting CVar [[s.WarnIfTimeLimitExceeded:0]]
[2020.01.16-08.11.08:545][  0]LogConfig: Setting CVar [[s.TimeLimitExceededMultiplier:1.5]]
[2020.01.16-08.11.08:545][  0]LogConfig: Setting CVar [[s.TimeLimitExceededMinTime:0.005]]
[2020.01.16-08.11.08:545][  0]LogConfig: Setting CVar [[s.UseBackgroundLevelStreaming:1]]
[2020.01.16-08.11.08:545][  0]LogConfig: Setting CVar [[s.PriorityAsyncLoadingExtraTime:15.0]]
[2020.01.16-08.11.08:545][  0]LogConfig: Setting CVar [[s.LevelStreamingActorsUpdateTimeLimit:5.0]]
[2020.01.16-08.11.08:545][  0]LogConfig: Setting CVar [[s.PriorityLevelStreamingActorsUpdateExtraTime:5.0]]
[2020.01.16-08.11.08:545][  0]LogConfig: Setting CVar [[s.LevelStreamingComponentsRegistrationGranularity:10]]
[2020.01.16-08.11.08:545][  0]LogConfig: Setting CVar [[s.UnregisterComponentsTimeLimit:1.0]]
[2020.01.16-08.11.08:545][  0]LogConfig: Setting CVar [[s.LevelStreamingComponentsUnregistrationGranularity:5]]
[2020.01.16-08.11.08:545][  0]LogConfig: Applying CVar settings from Section [/Script/Engine.GarbageCollectionSettings] File [C:/Users/PC/Desktop/Spore i inne/Studia/Rok 2 Lic 19-20/Programowanie/UNREAL/StółGabrielaHołowacz/Saved/Config/Windows/Engine.ini]
[2020.01.16-08.11.08:545][  0]LogConfig: Setting CVar [[gc.MaxObjectsNotConsideredByGC:1]]
[2020.01.16-08.11.08:545][  0]LogConfig: Setting CVar [[gc.SizeOfPermanentObjectPool:0]]
[2020.01.16-08.11.08:545][  0]LogConfig: Setting CVar [[gc.FlushStreamingOnGC:0]]
[2020.01.16-08.11.08:545][  0]LogConfig: Setting CVar [[gc.NumRetriesBeforeForcingGC:10]]
[2020.01.16-08.11.08:545][  0]LogConfig: Setting CVar [[gc.AllowParallelGC:1]]
[2020.01.16-08.11.08:545][  0]LogConfig: Setting CVar [[gc.TimeBetweenPurgingPendingKillObjects:61.1]]
[2020.01.16-08.11.08:545][  0]LogConfig: Setting CVar [[gc.MaxObjectsInEditor:8388607]]
[2020.01.16-08.11.08:545][  0]LogConfig: Setting CVar [[gc.IncrementalBeginDestroyEnabled:1]]
[2020.01.16-08.11.08:545][  0]LogConfig: Setting CVar [[gc.CreateGCClusters:1]]
[2020.01.16-08.11.08:545][  0]LogConfig: Setting CVar [[gc.MergeGCClusters:0]]
[2020.01.16-08.11.08:545][  0]LogConfig: Setting CVar [[gc.MinGCClusterSize:5]]
[2020.01.16-08.11.08:545][  0]LogConfig: Setting CVar [[gc.ActorClusteringEnabled:0]]
[2020.01.16-08.11.08:545][  0]LogConfig: Setting CVar [[gc.BlueprintClusteringEnabled:0]]
[2020.01.16-08.11.08:545][  0]LogConfig: Setting CVar [[gc.UseDisregardForGCOnDedicatedServers:0]]
[2020.01.16-08.11.08:545][  0]LogConfig: Applying CVar settings from Section [/Script/Engine.NetworkSettings] File [C:/Users/PC/Desktop/Spore i inne/Studia/Rok 2 Lic 19-20/Programowanie/UNREAL/StółGabrielaHołowacz/Saved/Config/Windows/Engine.ini]
[2020.01.16-08.11.08:545][  0]LogConfig: Applying CVar settings from Section [/Script/UnrealEd.CookerSettings] File [C:/Users/PC/Desktop/Spore i inne/Studia/Rok 2 Lic 19-20/Programowanie/UNREAL/StółGabrielaHołowacz/Saved/Config/Windows/Engine.ini]
[2020.01.16-08.11.08:549][  0]LogConfig: Applying CVar settings from Section [ViewDistanceQuality@3] File [C:/Users/PC/Desktop/Spore i inne/Studia/Rok 2 Lic 19-20/Programowanie/UNREAL/StółGabrielaHołowacz/Saved/Config/Windows/Scalability.ini]
[2020.01.16-08.11.08:549][  0]LogConfig: Setting CVar [[r.SkeletalMeshLODBias:0]]
[2020.01.16-08.11.08:549][  0]LogConfig: Setting CVar [[r.ViewDistanceScale:1.0]]
[2020.01.16-08.11.08:549][  0]LogConfig: Applying CVar settings from Section [AntiAliasingQuality@3] File [C:/Users/PC/Desktop/Spore i inne/Studia/Rok 2 Lic 19-20/Programowanie/UNREAL/StółGabrielaHołowacz/Saved/Config/Windows/Scalability.ini]
[2020.01.16-08.11.08:549][  0]LogConfig: Setting CVar [[r.PostProcessAAQuality:4]]
[2020.01.16-08.11.08:549][  0]LogConfig: Applying CVar settings from Section [ShadowQuality@3] File [C:/Users/PC/Desktop/Spore i inne/Studia/Rok 2 Lic 19-20/Programowanie/UNREAL/StółGabrielaHołowacz/Saved/Config/Windows/Scalability.ini]
[2020.01.16-08.11.08:549][  0]LogConfig: Setting CVar [[r.LightFunctionQuality:1]]
[2020.01.16-08.11.08:549][  0]LogConfig: Setting CVar [[r.ShadowQuality:5]]
[2020.01.16-08.11.08:549][  0]LogConfig: Setting CVar [[r.Shadow.CSM.MaxCascades:10]]
[2020.01.16-08.11.08:549][  0]LogConfig: Setting CVar [[r.Shadow.MaxResolution:2048]]
[2020.01.16-08.11.08:549][  0]LogConfig: Setting CVar [[r.Shadow.MaxCSMResolution:2048]]
[2020.01.16-08.11.08:549][  0]LogConfig: Setting CVar [[r.Shadow.RadiusThreshold:0.01]]
[2020.01.16-08.11.08:549][  0]LogConfig: Setting CVar [[r.Shadow.DistanceScale:1.0]]
[2020.01.16-08.11.08:549][  0]LogConfig: Setting CVar [[r.Shadow.CSM.TransitionScale:1.0]]
[2020.01.16-08.11.08:549][  0]LogConfig: Setting CVar [[r.Shadow.PreShadowResolutionFactor:1.0]]
[2020.01.16-08.11.08:549][  0]LogConfig: Setting CVar [[r.DistanceFieldShadowing:1]]
[2020.01.16-08.11.08:549][  0]LogConfig: Setting CVar [[r.DistanceFieldAO:1]]
[2020.01.16-08.11.08:549][  0]LogConfig: Setting CVar [[r.AOQuality:2]]
[2020.01.16-08.11.08:549][  0]LogConfig: Setting CVar [[r.VolumetricFog:1]]
[2020.01.16-08.11.08:549][  0]LogConfig: Setting CVar [[r.VolumetricFog.GridPixelSize:8]]
[2020.01.16-08.11.08:549][  0]LogConfig: Setting CVar [[r.VolumetricFog.GridSizeZ:128]]
[2020.01.16-08.11.08:549][  0]LogConfig: Setting CVar [[r.VolumetricFog.HistoryMissSupersampleCount:4]]
[2020.01.16-08.11.08:549][  0]LogConfig: Setting CVar [[r.LightMaxDrawDistanceScale:1]]
[2020.01.16-08.11.08:549][  0]LogConfig: Setting CVar [[r.CapsuleShadows:1]]
[2020.01.16-08.11.08:549][  0]LogConfig: Applying CVar settings from Section [PostProcessQuality@3] File [C:/Users/PC/Desktop/Spore i inne/Studia/Rok 2 Lic 19-20/Programowanie/UNREAL/StółGabrielaHołowacz/Saved/Config/Windows/Scalability.ini]
[2020.01.16-08.11.08:549][  0]LogConfig: Setting CVar [[r.MotionBlurQuality:4]]
[2020.01.16-08.11.08:549][  0]LogConfig: Setting CVar [[r.AmbientOcclusionMipLevelFactor:0.4]]
[2020.01.16-08.11.08:549][  0]LogConfig: Setting CVar [[r.AmbientOcclusionMaxQuality:100]]
[2020.01.16-08.11.08:549][  0]LogConfig: Setting CVar [[r.AmbientOcclusionLevels:-1]]
[2020.01.16-08.11.08:549][  0]LogConfig: Setting CVar [[r.AmbientOcclusionRadiusScale:1.0]]
[2020.01.16-08.11.08:549][  0]LogConfig: Setting CVar [[r.DepthOfFieldQuality:2]]
[2020.01.16-08.11.08:549][  0]LogConfig: Setting CVar [[r.RenderTargetPoolMin:400]]
[2020.01.16-08.11.08:549][  0]LogConfig: Setting CVar [[r.LensFlareQuality:2]]
[2020.01.16-08.11.08:549][  0]LogConfig: Setting CVar [[r.SceneColorFringeQuality:1]]
[2020.01.16-08.11.08:549][  0]LogConfig: Setting CVar [[r.EyeAdaptationQuality:2]]
[2020.01.16-08.11.08:549][  0]LogConfig: Setting CVar [[r.BloomQuality:5]]
[2020.01.16-08.11.08:549][  0]LogConfig: Setting CVar [[r.FastBlurThreshold:100]]
[2020.01.16-08.11.08:549][  0]LogConfig: Setting CVar [[r.Upscale.Quality:3]]
[2020.01.16-08.11.08:549][  0]LogConfig: Setting CVar [[r.Tonemapper.GrainQuantization:1]]
[2020.01.16-08.11.08:549][  0]LogConfig: Setting CVar [[r.LightShaftQuality:1]]
[2020.01.16-08.11.08:549][  0]LogConfig: Setting CVar [[r.Filter.SizeScale:1]]
[2020.01.16-08.11.08:549][  0]LogConfig: Setting CVar [[r.Tonemapper.Quality:5]]
[2020.01.16-08.11.08:549][  0]LogConfig: Setting CVar [[r.DOF.Gather.AccumulatorQuality:1        ; higher gathering accumulator quality]]
[2020.01.16-08.11.08:549][  0]LogConfig: Setting CVar [[r.DOF.Gather.PostfilterMethod:1          ; Median3x3 postfilering method]]
[2020.01.16-08.11.08:549][  0]LogConfig: Setting CVar [[r.DOF.Gather.EnableBokehSettings:0       ; no bokeh simulation when gathering]]
[2020.01.16-08.11.08:549][  0]LogConfig: Setting CVar [[r.DOF.Gather.RingCount:4                 ; medium number of samples when gathering]]
[2020.01.16-08.11.08:549][  0]LogConfig: Setting CVar [[r.DOF.Scatter.ForegroundCompositing:1    ; additive foreground scattering]]
[2020.01.16-08.11.08:549][  0]LogConfig: Setting CVar [[r.DOF.Scatter.BackgroundCompositing:2    ; additive background scattering]]
[2020.01.16-08.11.08:549][  0]LogConfig: Setting CVar [[r.DOF.Scatter.EnableBokehSettings:1      ; bokeh simulation when scattering]]
[2020.01.16-08.11.08:549][  0]LogConfig: Setting CVar [[r.DOF.Scatter.MaxSpriteRatio:0.1         ; only a maximum of 10% of scattered bokeh]]
[2020.01.16-08.11.08:549][  0]LogConfig: Setting CVar [[r.DOF.Recombine.Quality:1                ; cheap slight out of focus]]
[2020.01.16-08.11.08:549][  0]LogConfig: Setting CVar [[r.DOF.Recombine.EnableBokehSettings:0    ; no bokeh simulation on slight out of focus]]
[2020.01.16-08.11.08:549][  0]LogConfig: Setting CVar [[r.DOF.TemporalAAQuality:1                ; more stable temporal accumulation]]
[2020.01.16-08.11.08:549][  0]LogConfig: Setting CVar [[r.DOF.Kernel.MaxForegroundRadius:0.025]]
[2020.01.16-08.11.08:549][  0]LogConfig: Setting CVar [[r.DOF.Kernel.MaxBackgroundRadius:0.025]]
[2020.01.16-08.11.08:549][  0]LogConfig: Applying CVar settings from Section [TextureQuality@3] File [C:/Users/PC/Desktop/Spore i inne/Studia/Rok 2 Lic 19-20/Programowanie/UNREAL/StółGabrielaHołowacz/Saved/Config/Windows/Scalability.ini]
[2020.01.16-08.11.08:549][  0]LogConfig: Setting CVar [[r.Streaming.MipBias:0]]
[2020.01.16-08.11.08:549][  0]LogConfig: Setting CVar [[r.Streaming.AmortizeCPUToGPUCopy:0]]
[2020.01.16-08.11.08:549][  0]LogConfig: Setting CVar [[r.Streaming.MaxNumTexturesToStreamPerFrame:0]]
[2020.01.16-08.11.08:549][  0]LogConfig: Setting CVar [[r.Streaming.Boost:1]]
[2020.01.16-08.11.08:549][  0]LogConfig: Setting CVar [[r.MaxAnisotropy:8]]
[2020.01.16-08.11.08:550][  0]LogConfig: Setting CVar [[r.Streaming.LimitPoolSizeToVRAM:0]]
[2020.01.16-08.11.08:550][  0]LogConfig: Setting CVar [[r.Streaming.PoolSize:1000]]
[2020.01.16-08.11.08:550][  0]LogConfig: Setting CVar [[r.Streaming.MaxEffectiveScreenSize:0]]
[2020.01.16-08.11.08:550][  0]LogConfig: Applying CVar settings from Section [EffectsQuality@3] File [C:/Users/PC/Desktop/Spore i inne/Studia/Rok 2 Lic 19-20/Programowanie/UNREAL/StółGabrielaHołowacz/Saved/Config/Windows/Scalability.ini]
[2020.01.16-08.11.08:550][  0]LogConfig: Setting CVar [[r.TranslucencyLightingVolumeDim:64]]
[2020.01.16-08.11.08:550][  0]LogConfig: Setting CVar [[r.RefractionQuality:2]]
[2020.01.16-08.11.08:550][  0]LogConfig: Setting CVar [[r.SSR.Quality:3]]
[2020.01.16-08.11.08:550][  0]LogConfig: Setting CVar [[r.SceneColorFormat:4]]
[2020.01.16-08.11.08:550][  0]LogConfig: Setting CVar [[r.DetailMode:2]]
[2020.01.16-08.11.08:550][  0]LogConfig: Setting CVar [[r.TranslucencyVolumeBlur:1]]
[2020.01.16-08.11.08:550][  0]LogConfig: Setting CVar [[r.MaterialQualityLevel:1 ; High quality]]
[2020.01.16-08.11.08:550][  0]LogConfig: Setting CVar [[r.SSS.Scale:1]]
[2020.01.16-08.11.08:550][  0]LogConfig: Setting CVar [[r.SSS.SampleSet:2]]
[2020.01.16-08.11.08:550][  0]LogConfig: Setting CVar [[r.SSS.Quality:1]]
[2020.01.16-08.11.08:550][  0]LogConfig: Setting CVar [[r.SSS.HalfRes:1]]
[2020.01.16-08.11.08:550][  0]LogConfig: Setting CVar [[r.EmitterSpawnRateScale:1.0]]
[2020.01.16-08.11.08:550][  0]LogConfig: Setting CVar [[r.ParticleLightQuality:2]]
[2020.01.16-08.11.08:550][  0]LogConfig: Applying CVar settings from Section [FoliageQuality@3] File [C:/Users/PC/Desktop/Spore i inne/Studia/Rok 2 Lic 19-20/Programowanie/UNREAL/StółGabrielaHołowacz/Saved/Config/Windows/Scalability.ini]
[2020.01.16-08.11.08:550][  0]LogConfig: Setting CVar [[foliage.DensityScale:1.0]]
[2020.01.16-08.11.08:550][  0]LogConfig: Setting CVar [[grass.DensityScale:1.0]]
[2020.01.16-08.11.08:550][  0]LogInit: Selected Device Profile: [Windows]
[2020.01.16-08.11.08:550][  0]LogInit: Applying CVar settings loaded from the selected device profile: [Windows]
[2020.01.16-08.11.08:560][  0]LogHAL: Display: Platform has ~ 16 GB [17131622400 / 17179869184 / 16], which maps to Larger [LargestMinGB=32, LargerMinGB=12, DefaultMinGB=8, SmallerMinGB=6, SmallestMinGB=0)
[2020.01.16-08.11.08:560][  0]LogConfig: Setting CVar [[r.Vulkan.UseRealUBs:1]]
[2020.01.16-08.11.08:560][  0]LogInit: Going up to parent DeviceProfile []
[2020.01.16-08.11.08:560][  0]LogConfig: Applying CVar settings from Section [ViewDistanceQuality@3] File [C:/Users/PC/Desktop/Spore i inne/Studia/Rok 2 Lic 19-20/Programowanie/UNREAL/StółGabrielaHołowacz/Saved/Config/Windows/Scalability.ini]
[2020.01.16-08.11.08:560][  0]LogConfig: Setting CVar [[r.SkeletalMeshLODBias:0]]
[2020.01.16-08.11.08:560][  0]LogConfig: Setting CVar [[r.ViewDistanceScale:1.0]]
[2020.01.16-08.11.08:560][  0]LogConfig: Applying CVar settings from Section [AntiAliasingQuality@3] File [C:/Users/PC/Desktop/Spore i inne/Studia/Rok 2 Lic 19-20/Programowanie/UNREAL/StółGabrielaHołowacz/Saved/Config/Windows/Scalability.ini]
[2020.01.16-08.11.08:560][  0]LogConfig: Setting CVar [[r.PostProcessAAQuality:4]]
[2020.01.16-08.11.08:560][  0]LogConfig: Applying CVar settings from Section [ShadowQuality@3] File [C:/Users/PC/Desktop/Spore i inne/Studia/Rok 2 Lic 19-20/Programowanie/UNREAL/StółGabrielaHołowacz/Saved/Config/Windows/Scalability.ini]
[2020.01.16-08.11.08:560][  0]LogConfig: Setting CVar [[r.LightFunctionQuality:1]]
[2020.01.16-08.11.08:560][  0]LogConfig: Setting CVar [[r.ShadowQuality:5]]
[2020.01.16-08.11.08:560][  0]LogConfig: Setting CVar [[r.Shadow.CSM.MaxCascades:10]]
[2020.01.16-08.11.08:560][  0]LogConfig: Setting CVar [[r.Shadow.MaxResolution:2048]]
[2020.01.16-08.11.08:561][  0]LogConfig: Setting CVar [[r.Shadow.MaxCSMResolution:2048]]
[2020.01.16-08.11.08:561][  0]LogConfig: Setting CVar [[r.Shadow.RadiusThreshold:0.01]]
[2020.01.16-08.11.08:561][  0]LogConfig: Setting CVar [[r.Shadow.DistanceScale:1.0]]
[2020.01.16-08.11.08:561][  0]LogConfig: Setting CVar [[r.Shadow.CSM.TransitionScale:1.0]]
[2020.01.16-08.11.08:561][  0]LogConfig: Setting CVar [[r.Shadow.PreShadowResolutionFactor:1.0]]
[2020.01.16-08.11.08:561][  0]LogConfig: Setting CVar [[r.DistanceFieldShadowing:1]]
[2020.01.16-08.11.08:561][  0]LogConfig: Setting CVar [[r.DistanceFieldAO:1]]
[2020.01.16-08.11.08:561][  0]LogConfig: Setting CVar [[r.AOQuality:2]]
[2020.01.16-08.11.08:561][  0]LogConfig: Setting CVar [[r.VolumetricFog:1]]
[2020.01.16-08.11.08:561][  0]LogConfig: Setting CVar [[r.VolumetricFog.GridPixelSize:8]]
[2020.01.16-08.11.08:561][  0]LogConfig: Setting CVar [[r.VolumetricFog.GridSizeZ:128]]
[2020.01.16-08.11.08:561][  0]LogConfig: Setting CVar [[r.VolumetricFog.HistoryMissSupersampleCount:4]]
[2020.01.16-08.11.08:561][  0]LogConfig: Setting CVar [[r.LightMaxDrawDistanceScale:1]]
[2020.01.16-08.11.08:561][  0]LogConfig: Setting CVar [[r.CapsuleShadows:1]]
[2020.01.16-08.11.08:561][  0]LogConfig: Applying CVar settings from Section [PostProcessQuality@3] File [C:/Users/PC/Desktop/Spore i inne/Studia/Rok 2 Lic 19-20/Programowanie/UNREAL/StółGabrielaHołowacz/Saved/Config/Windows/Scalability.ini]
[2020.01.16-08.11.08:561][  0]LogConfig: Setting CVar [[r.MotionBlurQuality:4]]
[2020.01.16-08.11.08:561][  0]LogConfig: Setting CVar [[r.AmbientOcclusionMipLevelFactor:0.4]]
[2020.01.16-08.11.08:561][  0]LogConfig: Setting CVar [[r.AmbientOcclusionMaxQuality:100]]
[2020.01.16-08.11.08:561][  0]LogConfig: Setting CVar [[r.AmbientOcclusionLevels:-1]]
[2020.01.16-08.11.08:561][  0]LogConfig: Setting CVar [[r.AmbientOcclusionRadiusScale:1.0]]
[2020.01.16-08.11.08:561][  0]LogConfig: Setting CVar [[r.DepthOfFieldQuality:2]]
[2020.01.16-08.11.08:561][  0]LogConfig: Setting CVar [[r.RenderTargetPoolMin:400]]
[2020.01.16-08.11.08:561][  0]LogConfig: Setting CVar [[r.LensFlareQuality:2]]
[2020.01.16-08.11.08:561][  0]LogConfig: Setting CVar [[r.SceneColorFringeQuality:1]]
[2020.01.16-08.11.08:561][  0]LogConfig: Setting CVar [[r.EyeAdaptationQuality:2]]
[2020.01.16-08.11.08:561][  0]LogConfig: Setting CVar [[r.BloomQuality:5]]
[2020.01.16-08.11.08:561][  0]LogConfig: Setting CVar [[r.FastBlurThreshold:100]]
[2020.01.16-08.11.08:561][  0]LogConfig: Setting CVar [[r.Upscale.Quality:3]]
[2020.01.16-08.11.08:561][  0]LogConfig: Setting CVar [[r.Tonemapper.GrainQuantization:1]]
[2020.01.16-08.11.08:561][  0]LogConfig: Setting CVar [[r.LightShaftQuality:1]]
[2020.01.16-08.11.08:561][  0]LogConfig: Setting CVar [[r.Filter.SizeScale:1]]
[2020.01.16-08.11.08:561][  0]LogConfig: Setting CVar [[r.Tonemapper.Quality:5]]
[2020.01.16-08.11.08:561][  0]LogConfig: Setting CVar [[r.DOF.Gather.AccumulatorQuality:1        ; higher gathering accumulator quality]]
[2020.01.16-08.11.08:561][  0]LogConfig: Setting CVar [[r.DOF.Gather.PostfilterMethod:1          ; Median3x3 postfilering method]]
[2020.01.16-08.11.08:561][  0]LogConfig: Setting CVar [[r.DOF.Gather.EnableBokehSettings:0       ; no bokeh simulation when gathering]]
[2020.01.16-08.11.08:561][  0]LogConfig: Setting CVar [[r.DOF.Gather.RingCount:4                 ; medium number of samples when gathering]]
[2020.01.16-08.11.08:561][  0]LogConfig: Setting CVar [[r.DOF.Scatter.ForegroundCompositing:1    ; additive foreground scattering]]
[2020.01.16-08.11.08:561][  0]LogConfig: Setting CVar [[r.DOF.Scatter.BackgroundCompositing:2    ; additive background scattering]]
[2020.01.16-08.11.08:561][  0]LogConfig: Setting CVar [[r.DOF.Scatter.EnableBokehSettings:1      ; bokeh simulation when scattering]]
[2020.01.16-08.11.08:561][  0]LogConfig: Setting CVar [[r.DOF.Scatter.MaxSpriteRatio:0.1         ; only a maximum of 10% of scattered bokeh]]
[2020.01.16-08.11.08:561][  0]LogConfig: Setting CVar [[r.DOF.Recombine.Quality:1                ; cheap slight out of focus]]
[2020.01.16-08.11.08:561][  0]LogConfig: Setting CVar [[r.DOF.Recombine.EnableBokehSettings:0    ; no bokeh simulation on slight out of focus]]
[2020.01.16-08.11.08:561][  0]LogConfig: Setting CVar [[r.DOF.TemporalAAQuality:1                ; more stable temporal accumulation]]
[2020.01.16-08.11.08:561][  0]LogConfig: Setting CVar [[r.DOF.Kernel.MaxForegroundRadius:0.025]]
[2020.01.16-08.11.08:561][  0]LogConfig: Setting CVar [[r.DOF.Kernel.MaxBackgroundRadius:0.025]]
[2020.01.16-08.11.08:561][  0]LogConfig: Applying CVar settings from Section [TextureQuality@3] File [C:/Users/PC/Desktop/Spore i inne/Studia/Rok 2 Lic 19-20/Programowanie/UNREAL/StółGabrielaHołowacz/Saved/Config/Windows/Scalability.ini]
[2020.01.16-08.11.08:561][  0]LogConfig: Setting CVar [[r.Streaming.MipBias:0]]
[2020.01.16-08.11.08:561][  0]LogConfig: Setting CVar [[r.Streaming.AmortizeCPUToGPUCopy:0]]
[2020.01.16-08.11.08:561][  0]LogConfig: Setting CVar [[r.Streaming.MaxNumTexturesToStreamPerFrame:0]]
[2020.01.16-08.11.08:561][  0]LogConfig: Setting CVar [[r.Streaming.Boost:1]]
[2020.01.16-08.11.08:561][  0]LogConfig: Setting CVar [[r.MaxAnisotropy:8]]
[2020.01.16-08.11.08:561][  0]LogConfig: Setting CVar [[r.Streaming.LimitPoolSizeToVRAM:0]]
[2020.01.16-08.11.08:561][  0]LogConfig: Setting CVar [[r.Streaming.PoolSize:1000]]
[2020.01.16-08.11.08:561][  0]LogConfig: Setting CVar [[r.Streaming.MaxEffectiveScreenSize:0]]
[2020.01.16-08.11.08:561][  0]LogConfig: Applying CVar settings from Section [EffectsQuality@3] File [C:/Users/PC/Desktop/Spore i inne/Studia/Rok 2 Lic 19-20/Programowanie/UNREAL/StółGabrielaHołowacz/Saved/Config/Windows/Scalability.ini]
[2020.01.16-08.11.08:561][  0]LogConfig: Setting CVar [[r.TranslucencyLightingVolumeDim:64]]
[2020.01.16-08.11.08:561][  0]LogConfig: Setting CVar [[r.RefractionQuality:2]]
[2020.01.16-08.11.08:561][  0]LogConfig: Setting CVar [[r.SSR.Quality:3]]
[2020.01.16-08.11.08:561][  0]LogConfig: Setting CVar [[r.SceneColorFormat:4]]
[2020.01.16-08.11.08:561][  0]LogConfig: Setting CVar [[r.DetailMode:2]]
[2020.01.16-08.11.08:561][  0]LogConfig: Setting CVar [[r.TranslucencyVolumeBlur:1]]
[2020.01.16-08.11.08:561][  0]LogConfig: Setting CVar [[r.MaterialQualityLevel:1 ; High quality]]
[2020.01.16-08.11.08:561][  0]LogConfig: Setting CVar [[r.SSS.Scale:1]]
[2020.01.16-08.11.08:561][  0]LogConfig: Setting CVar [[r.SSS.SampleSet:2]]
[2020.01.16-08.11.08:561][  0]LogConfig: Setting CVar [[r.SSS.Quality:1]]
[2020.01.16-08.11.08:561][  0]LogConfig: Setting CVar [[r.SSS.HalfRes:1]]
[2020.01.16-08.11.08:562][  0]LogConfig: Setting CVar [[r.EmitterSpawnRateScale:1.0]]
[2020.01.16-08.11.08:562][  0]LogConfig: Setting CVar [[r.ParticleLightQuality:2]]
[2020.01.16-08.11.08:562][  0]LogConfig: Applying CVar settings from Section [FoliageQuality@3] File [C:/Users/PC/Desktop/Spore i inne/Studia/Rok 2 Lic 19-20/Programowanie/UNREAL/StółGabrielaHołowacz/Saved/Config/Windows/Scalability.ini]
[2020.01.16-08.11.08:562][  0]LogConfig: Setting CVar [[foliage.DensityScale:1.0]]
[2020.01.16-08.11.08:562][  0]LogConfig: Setting CVar [[grass.DensityScale:1.0]]
[2020.01.16-08.11.08:562][  0]LogConfig: Applying CVar settings from Section [Startup] File [../../../Engine/Config/ConsoleVariables.ini]
[2020.01.16-08.11.08:562][  0]LogConfig: Setting CVar [[net.UseAdaptiveNetUpdateFrequency:0]]
[2020.01.16-08.11.08:562][  0]LogConfig: Applying CVar settings from Section [ConsoleVariables] File [C:/Users/PC/Desktop/Spore i inne/Studia/Rok 2 Lic 19-20/Programowanie/UNREAL/StółGabrielaHołowacz/Saved/Config/Windows/Engine.ini]
[2020.01.16-08.11.08:562][  0]LogInit: Computer: DESKTOP-R1R5FIA
[2020.01.16-08.11.08:562][  0]LogInit: User: PC
[2020.01.16-08.11.08:562][  0]LogInit: CPU Page size=4096, Cores=8
[2020.01.16-08.11.08:562][  0]LogInit: High frequency timer resolution =10.000000 MHz
[2020.01.16-08.11.08:562][  0]LogMemory: Memory total: Physical=16.0GB (16GB approx)
[2020.01.16-08.11.08:562][  0]LogMemory: Platform Memory Stats for Windows
[2020.01.16-08.11.08:562][  0]LogMemory: Process Physical Memory: 103.97 MB used, 103.97 MB peak
[2020.01.16-08.11.08:562][  0]LogMemory: Process Virtual Memory: 91.38 MB used, 91.38 MB peak
[2020.01.16-08.11.08:562][  0]LogMemory: Physical Memory: 5007.00 MB used,  11330.98 MB free, 16337.99 MB total
[2020.01.16-08.11.08:562][  0]LogMemory: Virtual Memory: 4669.06 MB used,  134213056.00 MB free, 134217728.00 MB total
[2020.01.16-08.11.09:247][  0]LogInit: Using OS detected language (pl-PL).
[2020.01.16-08.11.09:247][  0]LogInit: Using OS detected locale (pl-PL).
[2020.01.16-08.11.09:248][  0]LogTextLocalizationManager: No specific localization for 'pl-PL' exists, so the 'pl' localization will be used.
[2020.01.16-08.11.09:250][  0]LogStreaming: Display: Took  0.003s to InitEngineTextLocalization.
[2020.01.16-08.11.09:250][  0]LogInit: Setting process to per monitor DPI aware
[2020.01.16-08.11.09:311][  0]LogSlate: New Slate User Created.  User Index 0, Is Virtual User: 0
[2020.01.16-08.11.09:311][  0]LogSlate: Slate User Registered.  User Index 0, Is Virtual User: 0
[2020.01.16-08.11.09:513][  0]LogHMD: Failed to initialize OpenVR with code 110
[2020.01.16-08.11.09:513][  0]LogD3D11RHI: D3D11 adapters:
[2020.01.16-08.11.09:757][  0]LogD3D11RHI:    0. 'NVIDIA GeForce GTX 1060 6GB' (Feature Level 11_0)
[2020.01.16-08.11.09:757][  0]LogD3D11RHI:       6052/0/8168 MB DedicatedVideo/DedicatedSystem/SharedSystem, Outputs:1, VendorId:0x10de
[2020.01.16-08.11.09:760][  0]LogD3D11RHI:    1. 'Microsoft Basic Render Driver' (Feature Level 11_0)
[2020.01.16-08.11.09:760][  0]LogD3D11RHI:       0/0/8168 MB DedicatedVideo/DedicatedSystem/SharedSystem, Outputs:0, VendorId:0x1414
[2020.01.16-08.11.09:760][  0]LogD3D11RHI: Chosen D3D11 Adapter: 0
[2020.01.16-08.11.09:771][  0]LogD3D11RHI: Creating new Direct3DDevice
[2020.01.16-08.11.09:771][  0]LogD3D11RHI:     GPU DeviceId: 0x1c03 (for the marketing name, search the web for "GPU Device Id")
[2020.01.16-08.11.09:771][  0]LogWindows: EnumDisplayDevices:
[2020.01.16-08.11.09:771][  0]LogWindows:    0. 'NVIDIA GeForce GTX 1060 6GB' (P:1 D:1)
[2020.01.16-08.11.09:772][  0]LogWindows:    1. 'NVIDIA GeForce GTX 1060 6GB' (P:0 D:0)
[2020.01.16-08.11.09:772][  0]LogWindows:    2. 'NVIDIA GeForce GTX 1060 6GB' (P:0 D:0)
[2020.01.16-08.11.09:773][  0]LogWindows:    3. 'NVIDIA GeForce GTX 1060 6GB' (P:0 D:0)
[2020.01.16-08.11.09:773][  0]LogWindows: DebugString: FoundDriverCount:4 
[2020.01.16-08.11.09:773][  0]LogD3D11RHI:     Adapter Name: NVIDIA GeForce GTX 1060 6GB
[2020.01.16-08.11.09:773][  0]LogD3D11RHI:   Driver Version: 432.00 (internal:26.21.14.3200, unified:432.00)
[2020.01.16-08.11.09:773][  0]LogD3D11RHI:      Driver Date: 7-24-2019
[2020.01.16-08.11.09:773][  0]LogRHI: Texture pool is 4236 MB (70% of 6052 MB)
[2020.01.16-08.11.09:827][  0]LogD3D11RHI: Async texture creation enabled
[2020.01.16-08.11.09:843][  0]LogD3D11RHI: GPU Timing Frequency: 1000.000000 (Debug: 2 1)
[2020.01.16-08.11.10:782][  0]LogTemp: Display: Loaded TP AllDesktopTargetPlatform
[2020.01.16-08.11.10:803][  0]LogTemp: Display: Loaded TP MacClientTargetPlatform
[2020.01.16-08.11.10:823][  0]LogTemp: Display: Loaded TP MacNoEditorTargetPlatform
[2020.01.16-08.11.10:845][  0]LogTemp: Display: Loaded TP MacServerTargetPlatform
[2020.01.16-08.11.10:868][  0]LogTemp: Display: Loaded TP MacTargetPlatform
[2020.01.16-08.11.10:888][  0]LogTemp: Display: Loaded TP WindowsClientTargetPlatform
[2020.01.16-08.11.10:908][  0]LogTemp: Display: Loaded TP WindowsNoEditorTargetPlatform
[2020.01.16-08.11.10:929][  0]LogTemp: Display: Loaded TP WindowsServerTargetPlatform
[2020.01.16-08.11.10:942][  0]LogTemp: Display: Loaded TP WindowsTargetPlatform
[2020.01.16-08.11.11:039][  0]LogTemp: Display: Loaded TP AndroidTargetPlatform
[2020.01.16-08.11.11:039][  0]LogTemp: Display: Loaded TP AndroidTargetPlatform
[2020.01.16-08.11.11:039][  0]LogTemp: Display: Loaded TP AndroidTargetPlatform
[2020.01.16-08.11.11:039][  0]LogTemp: Display: Loaded TP AndroidTargetPlatform
[2020.01.16-08.11.11:039][  0]LogTemp: Display: Loaded TP AndroidTargetPlatform
[2020.01.16-08.11.11:039][  0]LogTemp: Display: Loaded TP AndroidTargetPlatform
[2020.01.16-08.11.11:039][  0]LogTemp: Display: Loaded TP AndroidTargetPlatform
[2020.01.16-08.11.11:039][  0]LogTemp: Display: Loaded TP AndroidTargetPlatform
[2020.01.16-08.11.11:039][  0]LogTemp: Display: Loaded TP AndroidTargetPlatform
[2020.01.16-08.11.11:039][  0]LogTemp: Display: Loaded TP AndroidTargetPlatform
[2020.01.16-08.11.11:040][  0]LogTemp: Display: Loaded TP AndroidTargetPlatform
[2020.01.16-08.11.11:040][  0]LogTemp: Display: Loaded TP AndroidTargetPlatform
[2020.01.16-08.11.11:040][  0]LogTemp: Display: Loaded TP AndroidTargetPlatform
[2020.01.16-08.11.11:040][  0]LogTemp: Display: Loaded TP AndroidTargetPlatform
[2020.01.16-08.11.11:040][  0]LogTemp: Display: Loaded TP AndroidTargetPlatform
[2020.01.16-08.11.11:040][  0]LogTemp: Display: Loaded TP AndroidTargetPlatform
[2020.01.16-08.11.11:040][  0]LogTemp: Display: Loaded TP AndroidTargetPlatform
[2020.01.16-08.11.11:040][  0]LogTemp: Display: Loaded TP AndroidTargetPlatform
[2020.01.16-08.11.11:046][  0]LogTemp: Display: Loaded TP HTML5TargetPlatform
[2020.01.16-08.11.11:128][  0]LogTemp: Display: Loaded TP IOSTargetPlatform
[2020.01.16-08.11.11:128][  0]LogTemp: Display: Loaded TP IOSTargetPlatform
[2020.01.16-08.11.11:158][  0]LogTemp: Display: Loaded TP TVOSTargetPlatform
[2020.01.16-08.11.11:158][  0]LogTemp: Display: Loaded TP TVOSTargetPlatform
[2020.01.16-08.11.11:177][  0]LogTemp: Display: Loaded TP LinuxClientTargetPlatform
[2020.01.16-08.11.11:197][  0]LogTemp: Display: Loaded TP LinuxNoEditorTargetPlatform
[2020.01.16-08.11.11:216][  0]LogTemp: Display: Loaded TP LinuxServerTargetPlatform
[2020.01.16-08.11.11:237][  0]LogTemp: Display: Loaded TP LinuxTargetPlatform
[2020.01.16-08.11.11:296][  0]LogTemp: Display: Loaded TP LuminTargetPlatform
[2020.01.16-08.11.11:296][  0]LogTemp: Display: Loaded TP LuminTargetPlatform
[2020.01.16-08.11.11:296][  0]LogTargetPlatformManager: Display: Building Assets For Windows
[2020.01.16-08.11.12:084][  0]LogShaderCompilers: Guid format shader working directory is -69 characters bigger than the processId version (../../../../../../Users/PC/Desktop/Spore i inne/Studia/Rok 2 Lic 19-20/Programowanie/UNREAL/StółGabrielaHołowacz/Intermediate/Shaders/WorkingDirectory/8824/).
[2020.01.16-08.11.12:084][  0]LogShaderCompilers: Cleaned the shader compiler working directory 'C:/Users/PC/AppData/Local/Temp/UnrealShaderWorkingDir/A0BCCD9F4112A89D3EB8FAA9AA23C6ED/'.
[2020.01.16-08.11.12:087][  0]LogXGEController: Cannot use XGE Controller as Incredibuild is not installed on this machine.
[2020.01.16-08.11.12:087][  0]LogShaderCompilers: Cannot use XGE Shader Compiler as Incredibuild is not installed on this machine.
[2020.01.16-08.11.12:087][  0]LogShaderCompilers: Display: Using Local Shader Compiler.
[2020.01.16-08.11.12:670][  0]LogDerivedDataCache: Display: Max Cache Size: 512 MB
[2020.01.16-08.11.12:713][  0]LogDerivedDataCache: Loaded boot cache 0.04s 71MB C:/Users/PC/AppData/Local/UnrealEngine/4.21/DerivedDataCache/Boot.ddc.
[2020.01.16-08.11.12:713][  0]LogDerivedDataCache: Display: Loaded Boot cache: C:/Users/PC/AppData/Local/UnrealEngine/4.21/DerivedDataCache/Boot.ddc
[2020.01.16-08.11.12:713][  0]LogDerivedDataCache: FDerivedDataBackendGraph:  Pak pak cache file ../../../../../../Users/PC/Desktop/Spore i inne/Studia/Rok 2 Lic 19-20/Programowanie/UNREAL/StółGabrielaHołowacz/DerivedDataCache/DDC.ddp not found, will not use a pak cache.
[2020.01.16-08.11.12:713][  0]LogDerivedDataCache: Unable to find inner node Pak for hierarchical cache Hierarchy.
[2020.01.16-08.11.12:713][  0]LogDerivedDataCache: FDerivedDataBackendGraph:  CompressedPak pak cache file ../../../../../../Users/PC/Desktop/Spore i inne/Studia/Rok 2 Lic 19-20/Programowanie/UNREAL/StółGabrielaHołowacz/DerivedDataCache/Compressed.ddp not found, will not use a pak cache.
[2020.01.16-08.11.12:713][  0]LogDerivedDataCache: Unable to find inner node CompressedPak for hierarchical cache Hierarchy.
[2020.01.16-08.11.12:732][  0]LogDerivedDataCache: Display: Pak cache opened for reading ../../../Engine/DerivedDataCache/Compressed.ddp.
[2020.01.16-08.11.12:732][  0]LogDerivedDataCache: FDerivedDataBackendGraph:  EnterprisePak pak cache file ../../../Enterprise/DerivedDataCache/Compressed.ddp not found, will not use a pak cache.
[2020.01.16-08.11.12:732][  0]LogDerivedDataCache: Unable to find inner node EnterprisePak for hierarchical cache Hierarchy.
[2020.01.16-08.11.12:745][  0]LogDerivedDataCache: Using Local data cache path C:/Users/PC/AppData/Local/UnrealEngine/Common/DerivedDataCache: Writable
[2020.01.16-08.11.12:745][  0]LogDerivedDataCache: Shared data cache path not found in *engine.ini, will not use an Shared cache.
[2020.01.16-08.11.12:745][  0]LogDerivedDataCache: Unable to find inner node Shared for hierarchical cache Hierarchy.
[2020.01.16-08.11.12:770][  0]LogMaterial: Verifying Global Shaders for PCD3D_SM5
[2020.01.16-08.11.12:772][  0]LogSlate: Using FreeType 2.6.0
[2020.01.16-08.11.12:772][  0]LogSlate: SlateFontServices - WITH_FREETYPE: 1, WITH_HARFBUZZ: 1
[2020.01.16-08.11.12:865][  0]LogAssetRegistry: FAssetRegistry took 0.0361 seconds to start up
[2020.01.16-08.11.13:245][  0]LogInit: Selected Device Profile: [Windows]
[2020.01.16-08.11.13:767][  0]LogSimplygon: Simplygon DLL not present - disabling.
[2020.01.16-08.11.13:907][  0]LogMeshReduction: Using SimplygonSwarm for distributed automatic mesh merging
[2020.01.16-08.11.13:907][  0]LogMeshReduction: Using ProxyLODMeshReduction for automatic mesh merging
[2020.01.16-08.11.13:907][  0]LogMeshReduction: Using QuadricMeshReduction for automatic static mesh reduction
[2020.01.16-08.11.13:907][  0]LogMeshReduction: No automatic skeletal mesh reduction module available
[2020.01.16-08.11.13:921][  0]LogNetVersion: StółGabrielaHołowacz 1.0.0, NetCL: 4541578, EngineNetVer: 5, GameNetVer: 0 (Checksum: 379241699)
[2020.01.16-08.11.15:379][  0]LogPackageLocalizationCache: Processed 11 localized package path(s) for 2 prioritized culture(s) in 0.954463 seconds
[2020.01.16-08.11.15:389][  0]LogUObjectArray: 39775 objects as part of root set at end of initial load.
[2020.01.16-08.11.15:389][  0]LogUObjectAllocator: 6914656 out of 0 bytes used by permanent object pool.
[2020.01.16-08.11.15:389][  0]LogUObjectArray: CloseDisregardForGC: 0/0 objects in disregard for GC pool
[2020.01.16-08.11.17:458][  0]LogTcpMessaging: Initializing TcpMessaging bridge
[2020.01.16-08.11.17:482][  0]LogUdpMessaging: Initializing bridge on interface 0.0.0.0:0 to multicast group 230.0.0.1:6666.
[2020.01.16-08.11.18:809][  0]SourceControl: Source control is disabled
[2020.01.16-08.11.18:809][  0]SourceControl: Source control is disabled
[2020.01.16-08.11.18:908][  0]SourceControl: Source control is disabled
[2020.01.16-08.11.18:926][  0]SourceControl: Source control is disabled
[2020.01.16-08.11.19:847][  0]LogAndroidPermission: UAndroidPermissionCallbackProxy::GetInstance
[2020.01.16-08.11.20:055][  0]LogOcInput: OculusInput pre-init called
[2020.01.16-08.11.20:226][  0]LogEngine: Initializing Engine...
[2020.01.16-08.11.20:227][  0]LogHMD: Failed to initialize OpenVR with code 110
[2020.01.16-08.11.20:228][  0]LogStats: UGameplayTagsManager::ConstructGameplayTagTree: ImportINI prefixes -  0.000 s
[2020.01.16-08.11.20:228][  0]LogStats: UGameplayTagsManager::ConstructGameplayTagTree: Construct from data asset -  0.000 s
[2020.01.16-08.11.20:229][  0]LogStats: UGameplayTagsManager::ConstructGameplayTagTree: ImportINI -  0.000 s
[2020.01.16-08.11.20:229][  0]LogStats: UGameplayTagsManager::ConstructGameplayTagTree: GameplayTagTreeChangedEvent.Broadcast -  0.000 s
[2020.01.16-08.11.20:443][  0]LogInit: Initializing FReadOnlyCVARCache
[2020.01.16-08.11.20:473][  0]LogAIModule: Creating AISystem for world Untitled
[2020.01.16-08.11.20:561][  0]LogInit: XAudio2 using 'Słuchawki (15 — DŸwiêk Bluetooth)' : 2 channels at 48 kHz using 16 bits per sample (channel mask 0x3)
[2020.01.16-08.11.20:588][  0]LogInit: FAudioDevice initialized.
[2020.01.16-08.11.20:588][  0]LogNetVersion: Set ProjectVersion to 1.0.0.0. Version Checksum will be recalculated on next use.
[2020.01.16-08.11.20:639][  0]LogDerivedDataCache: Saved boot cache 0.05s 71MB C:/Users/PC/AppData/Local/UnrealEngine/4.21/DerivedDataCache/Boot.ddc.
[2020.01.16-08.11.20:644][  0]LogInit: Texture streaming: Enabled
[2020.01.16-08.11.20:707][  0]LogEngineSessionManager: EngineSessionManager initialized
[2020.01.16-08.11.20:729][  0]LogInit: Transaction tracking system initialized
[2020.01.16-08.11.20:815][  0]BlueprintLog: New page: Editor Load
[2020.01.16-08.11.21:364][  0]LocalizationService: Localization service is disabled
[2020.01.16-08.11.22:045][  0]LogFileCache: Scanning file cache for directory 'C:/Users/PC/Desktop/Spore i inne/Studia/Rok 2 Lic 19-20/Programowanie/UNREAL/StółGabrielaHołowacz/Content/' took 0.02s
[2020.01.16-08.11.22:045][  0]LogCook: Display: Max memory allowance for cook 16384mb min free memory 0mb
[2020.01.16-08.11.22:045][  0]LogCook: Display: Mobile HDR setting 1
[2020.01.16-08.11.22:045][  0]LogGameplayTags: Display: UGameplayTagsManager::DoneAddingNativeTags. DelegateIsBound: 0
[2020.01.16-08.11.22:045][  0]LogStats: UGameplayTagsManager::ConstructGameplayTagTree: ImportINI prefixes -  0.000 s
[2020.01.16-08.11.22:045][  0]LogStats: UGameplayTagsManager::ConstructGameplayTagTree: Construct from data asset -  0.000 s
[2020.01.16-08.11.22:045][  0]LogStats: UGameplayTagsManager::ConstructGameplayTagTree: ImportINI -  0.000 s
[2020.01.16-08.11.22:045][  0]LogStats: UGameplayTagsManager::ConstructGameplayTagTree: GameplayTagTreeChangedEvent.Broadcast -  0.000 s
[2020.01.16-08.11.22:607][  0]SourceControl: Source control is disabled
[2020.01.16-08.11.22:607][  0]LightingResults: New page: Lighting Build
[2020.01.16-08.11.22:611][  0]MapCheck: New page: Map Check
[2020.01.16-08.11.22:611][  0]LightingResults: New page: Lighting Build
[2020.01.16-08.11.22:963][  0]LogAIModule: Creating AISystem for world Minimal_Default
[2020.01.16-08.11.22:978][  0]LogEditorServer: Finished looking for orphan Actors (0.000 secs)
[2020.01.16-08.11.23:014][  0]Cmd: MAP CHECKDEP NOCLEARLOG
[2020.01.16-08.11.23:014][  0]MapCheck: Map check complete: 0 Error(s), 0 Warning(s), took 0,192ms to complete.
[2020.01.16-08.11.23:014][  0]LogFileHelpers: Loading map 'Minimal_Default' took 0.407
[2020.01.16-08.11.23:116][  0]LogSlate: Updating window title bar state: overlay mode, drag disabled, window buttons hidden, title bar hidden
[2020.01.16-08.11.23:124][  0]LogSlate: Updating window title bar state: overlay mode, drag disabled, window buttons hidden, title bar hidden
[2020.01.16-08.11.23:131][  0]LogSlate: Updating window title bar state: overlay mode, drag disabled, window buttons hidden, title bar hidden
[2020.01.16-08.11.23:138][  0]LogSlate: Updating window title bar state: overlay mode, drag disabled, window buttons hidden, title bar hidden
[2020.01.16-08.11.23:174][  0]LogCollectionManager: Loaded 0 collections in 0.002751 seconds
[2020.01.16-08.11.23:191][  0]LogFileCache: Scanning file cache for directory 'C:/Users/PC/Desktop/Spore i inne/Studia/Rok 2 Lic 19-20/Programowanie/UNREAL/StółGabrielaHołowacz/Saved/Collections/' took 0.01s
[2020.01.16-08.11.23:192][  0]LogFileCache: Scanning file cache for directory 'C:/Users/PC/Desktop/Spore i inne/Studia/Rok 2 Lic 19-20/Programowanie/UNREAL/StółGabrielaHołowacz/Content/Developers/PC/Collections/' took 0.00s
[2020.01.16-08.11.23:192][  0]LogFileCache: Scanning file cache for directory 'C:/Users/PC/Desktop/Spore i inne/Studia/Rok 2 Lic 19-20/Programowanie/UNREAL/StółGabrielaHołowacz/Content/Collections/' took 0.00s
[2020.01.16-08.11.23:192][  0]LogCollectionManager: Rebuilt the GUID cache for 0 collections in 0.000000 seconds
[2020.01.16-08.11.23:203][  0]LogContentBrowser: Native class hierarchy populated in 0.0113 seconds. Added 2651 classes and 620 folders.
[2020.01.16-08.11.23:210][  0]LogContentBrowser: Native class hierarchy updated for 'WidgetCarousel' in 0.0002 seconds. Added 0 classes and 0 folders.
[2020.01.16-08.11.23:213][  0]LogPakFile: Registered encryption key '00000000000000000000000000000000': 0 pak files mounted, 0 remain pending
[2020.01.16-08.11.23:215][  0]LogPakFile: Registered encryption key '00000000000000000000000000000000': 0 pak files mounted, 0 remain pending
[2020.01.16-08.11.23:216][  0]LogPakFile: Registered encryption key '00000000000000000000000000000000': 0 pak files mounted, 0 remain pending
[2020.01.16-08.11.23:217][  0]LogPakFile: Registered encryption key '00000000000000000000000000000000': 0 pak files mounted, 0 remain pending
[2020.01.16-08.11.23:218][  0]LogPakFile: Registered encryption key '00000000000000000000000000000000': 0 pak files mounted, 0 remain pending
[2020.01.16-08.11.23:220][  0]LogPakFile: Registered encryption key '00000000000000000000000000000000': 0 pak files mounted, 0 remain pending
[2020.01.16-08.11.23:222][  0]LogPakFile: Registered encryption key '00000000000000000000000000000000': 0 pak files mounted, 0 remain pending
[2020.01.16-08.11.23:223][  0]LogPakFile: Registered encryption key '00000000000000000000000000000000': 0 pak files mounted, 0 remain pending
[2020.01.16-08.11.23:224][  0]LogPakFile: Registered encryption key '00000000000000000000000000000000': 0 pak files mounted, 0 remain pending
[2020.01.16-08.11.23:225][  0]LogPakFile: Registered encryption key '00000000000000000000000000000000': 0 pak files mounted, 0 remain pending
[2020.01.16-08.11.23:226][  0]LogPakFile: Registered encryption key '00000000000000000000000000000000': 0 pak files mounted, 0 remain pending
[2020.01.16-08.11.23:227][  0]LogPakFile: Registered encryption key '00000000000000000000000000000000': 0 pak files mounted, 0 remain pending
[2020.01.16-08.11.23:228][  0]LogPakFile: Registered encryption key '00000000000000000000000000000000': 0 pak files mounted, 0 remain pending
[2020.01.16-08.11.23:230][  0]LogPakFile: Registered encryption key '00000000000000000000000000000000': 0 pak files mounted, 0 remain pending
[2020.01.16-08.11.23:231][  0]LogPakFile: Registered encryption key '00000000000000000000000000000000': 0 pak files mounted, 0 remain pending
[2020.01.16-08.11.23:232][  0]LogPakFile: Registered encryption key '00000000000000000000000000000000': 0 pak files mounted, 0 remain pending
[2020.01.16-08.11.23:233][  0]LogPakFile: Registered encryption key '00000000000000000000000000000000': 0 pak files mounted, 0 remain pending
[2020.01.16-08.11.23:235][  0]LogPakFile: Registered encryption key '00000000000000000000000000000000': 0 pak files mounted, 0 remain pending
[2020.01.16-08.11.23:236][  0]LogPakFile: Registered encryption key '00000000000000000000000000000000': 0 pak files mounted, 0 remain pending
[2020.01.16-08.11.23:237][  0]LogPakFile: Registered encryption key '00000000000000000000000000000000': 0 pak files mounted, 0 remain pending
[2020.01.16-08.11.23:238][  0]LogPakFile: Registered encryption key '00000000000000000000000000000000': 0 pak files mounted, 0 remain pending
[2020.01.16-08.11.23:239][  0]LogPakFile: Registered encryption key '00000000000000000000000000000000': 0 pak files mounted, 0 remain pending
[2020.01.16-08.11.23:241][  0]LogPakFile: Registered encryption key '00000000000000000000000000000000': 0 pak files mounted, 0 remain pending
[2020.01.16-08.11.23:242][  0]LogPakFile: Registered encryption key '00000000000000000000000000000000': 0 pak files mounted, 0 remain pending
[2020.01.16-08.11.23:243][  0]LogPakFile: Registered encryption key '00000000000000000000000000000000': 0 pak files mounted, 0 remain pending
[2020.01.16-08.11.23:245][  0]LogPakFile: Registered encryption key '00000000000000000000000000000000': 0 pak files mounted, 0 remain pending
[2020.01.16-08.11.23:299][  0]LogContentBrowser: Native class hierarchy updated for 'AddContentDialog' in 0.0003 seconds. Added 0 classes and 0 folders.
[2020.01.16-08.11.23:338][  0]LogContentBrowser: Native class hierarchy updated for 'SceneOutliner' in 0.0003 seconds. Added 1 classes and 2 folders.
[2020.01.16-08.11.23:358][  0]LogSlate: Took 0.000282 seconds to synchronously load lazily loaded font '../../../Engine/Content/Slate/Fonts/Roboto-Regular.ttf' (155K)
[2020.01.16-08.11.23:365][  0]LogSlate: Took 0.000288 seconds to synchronously load lazily loaded font '../../../Engine/Content/Slate/Fonts/Roboto-Bold.ttf' (160K)
[2020.01.16-08.11.23:372][  0]LogSlate: Took 0.000488 seconds to synchronously load lazily loaded font '../../../Engine/Content/Editor/Slate/Fonts/FontAwesome.ttf' (139K)
[2020.01.16-08.11.23:456][  0]LogRenderer: Reallocating scene render targets to support 1268x688 Format 10 NumSamples 1 (Frame:1).
[2020.01.16-08.11.23:598][  0]LogContentBrowser: Native class hierarchy updated for 'HierarchicalLODOutliner' in 0.0004 seconds. Added 0 classes and 0 folders.
[2020.01.16-08.11.23:598][  0]LogLoad: (Engine Initialization) Total time: 19.23 seconds
[2020.01.16-08.11.23:598][  0]LogLoad: (Engine Initialization) Total Blueprint compile time: 0.00 seconds
[2020.01.16-08.11.23:682][  0]LogContentStreaming: Texture pool size now 1000 MB
[2020.01.16-08.11.23:698][  0]LogSlate: Took 0.000626 seconds to synchronously load lazily loaded font '../../../Engine/Content/Slate/Fonts/Roboto-Light.ttf' (167K)
[2020.01.16-08.11.23:725][  1]LogAssetRegistry: Asset discovery search completed in 10.8818 seconds
[2020.01.16-08.11.23:727][  1]LogCollectionManager: Rebuilt the object cache for 0 collections in 0.000001 seconds (found 0 objects)
[2020.01.16-08.11.23:727][  1]LogCollectionManager: Fixed up redirectors for 0 collections in 0.000056 seconds (updated 0 objects)
